[     599ms] [INFO] %cDownload the React DevTools for a better development experience: https://react.dev/link/react-devtools font-weight:bold @ http://localhost:3001/_next/static/chunks/09j__next_dist_06am3_3._.js:2431
[     664ms] [LOG] [HMR] connected @ http://localhost:3001/_next/static/chunks/09j__next_dist_06am3_3._.js:2431
[   15600ms] [LOG] [Fast Refresh] rebuilding @ http://localhost:3001/_next/static/chunks/09j__next_dist_06am3_3._.js:2431
[   15617ms] [LOG] [Fast Refresh] done in 117ms @ http://localhost:3001/_next/static/chunks/09j__next_dist_06am3_3._.js:2431
[   31016ms] [ERROR] WebSocket connection to 'ws://localhost:3001/_next/webpack-hmr?id=iem5X7x1UorgA2C3f23-G' failed:  @ http://localhost:3001/_next/static/chunks/09j__next_dist_client_0zadbqm._.js:13299
[   32043ms] [ERROR] WebSocket connection to 'ws://localhost:3001/_next/webpack-hmr?id=iem5X7x1UorgA2C3f23-G' failed: Error in connection establishment: net::ERR_CONNECTION_REFUSED @ http://localhost:3001/_next/static/chunks/09j__next_dist_client_0zadbqm._.js:13299
[   33071ms] [ERROR] WebSocket connection to 'ws://localhost:3001/_next/webpack-hmr?id=iem5X7x1UorgA2C3f23-G' failed: Error in connection establishment: net::ERR_CONNECTION_REFUSED @ http://localhost:3001/_next/static/chunks/09j__next_dist_client_0zadbqm._.js:13299
[   34191ms] [ERROR] WebSocket connection to 'ws://localhost:3001/_next/webpack-hmr?id=iem5X7x1UorgA2C3f23-G' failed: Error in connection establishment: net::ERR_CONNECTION_REFUSED @ http://localhost:3001/_next/static/chunks/09j__next_dist_client_0zadbqm._.js:13299
[   35201ms] [ERROR] WebSocket connection to 'ws://localhost:3001/_next/webpack-hmr?id=iem5X7x1UorgA2C3f23-G' failed: Error in connection establishment: net::ERR_CONNECTION_REFUSED @ http://localhost:3001/_next/static/chunks/09j__next_dist_client_0zadbqm._.js:13299
[   36205ms] [ERROR] WebSocket connection to 'ws://localhost:3001/_next/webpack-hmr?id=iem5X7x1UorgA2C3f23-G' failed: Error in connection establishment: net::ERR_CONNECTION_REFUSED @ http://localhost:3001/_next/static/chunks/09j__next_dist_client_0zadbqm._.js:13299
[   41232ms] [ERROR] WebSocket connection to 'ws://localhost:3001/_next/webpack-hmr?id=iem5X7x1UorgA2C3f23-G' failed: Error in connection establishment: net::ERR_CONNECTION_REFUSED @ http://localhost:3001/_next/static/chunks/09j__next_dist_client_0zadbqm._.js:13299
[   46239ms] [ERROR] WebSocket connection to 'ws://localhost:3001/_next/webpack-hmr?id=iem5X7x1UorgA2C3f23-G' failed: Error in connection establishment: net::ERR_CONNECTION_REFUSED @ http://localhost:3001/_next/static/chunks/09j__next_dist_client_0zadbqm._.js:13299
[   51357ms] [ERROR] WebSocket connection to 'ws://localhost:3001/_next/webpack-hmr?id=iem5X7x1UorgA2C3f23-G' failed: Error in connection establishment: net::ERR_CONNECTION_REFUSED @ http://localhost:3001/_next/static/chunks/09j__next_dist_client_0zadbqm._.js:13299
[   56405ms] [ERROR] WebSocket connection to 'ws://localhost:3001/_next/webpack-hmr?id=iem5X7x1UorgA2C3f23-G' failed: Error in connection establishment: net::ERR_CONNECTION_REFUSED @ http://localhost:3001/_next/static/chunks/09j__next_dist_client_0zadbqm._.js:13299
[   61547ms] [ERROR] WebSocket connection to 'ws://localhost:3001/_next/webpack-hmr?id=iem5X7x1UorgA2C3f23-G' failed: Error in connection establishment: net::ERR_CONNECTION_REFUSED @ http://localhost:3001/_next/static/chunks/09j__next_dist_client_0zadbqm._.js:13299
[   66747ms] [ERROR] WebSocket connection to 'ws://localhost:3001/_next/webpack-hmr?id=iem5X7x1UorgA2C3f23-G' failed: Error in connection establishment: net::ERR_CONNECTION_REFUSED @ http://localhost:3001/_next/static/chunks/09j__next_dist_client_0zadbqm._.js:13299
[   72017ms] [ERROR] WebSocket connection to 'ws://localhost:3001/_next/webpack-hmr?id=iem5X7x1UorgA2C3f23-G' failed: Error in connection establishment: net::ERR_CONNECTION_REFUSED @ http://localhost:3001/_next/static/chunks/09j__next_dist_client_0zadbqm._.js:13299
[  153496ms] [INFO] %cDownload the React DevTools for a better development experience: https://react.dev/link/react-devtools font-weight:bold @ http://localhost:3001/_next/static/chunks/09j__next_dist_06am3_3._.js:2431
[  153592ms] [LOG] [HMR] connected @ http://localhost:3001/_next/static/chunks/09j__next_dist_06am3_3._.js:2431
[  153650ms] [WARNING] %c%s%c [33m[1m⚠[22m[39m metadataBase property in metadata export is not set for resolving social open graph or twitter images, using "http://localhost:3001". See https://nextjs.org/docs/app/api-reference/functions/generate-metadata#metadatabase background: #e6e6e6;background: light-dark(rgba(0,0,0,0.1), rgba(255,255,255,0.25));color: #000000;color: light-dark(#000000, #ffffff);border-radius: 2px  Server   @ http://localhost:3001/_next/static/chunks/09j__next_dist_06am3_3._.js:2431
[  153762ms] [LOG] [Fast Refresh] rebuilding @ http://localhost:3001/_next/static/chunks/09j__next_dist_06am3_3._.js:2431
[  153844ms] [LOG] [Fast Refresh] done in 182ms @ http://localhost:3001/_next/static/chunks/09j__next_dist_06am3_3._.js:2431
[  163318ms] [ERROR] Failed to load resource: the server responded with a status of 404 (Not Found) @ http://localhost:3001/blog/production-ready-dev-stack-from-terminal?_rsc=lquux:0
[  163426ms] [ERROR] Failed to load resource: the server responded with a status of 404 (Not Found) @ http://localhost:3001/blog/production-ready-dev-stack-from-terminal:0
[  163514ms] [INFO] %cDownload the React DevTools for a better development experience: https://react.dev/link/react-devtools font-weight:bold @ http://localhost:3001/_next/static/chunks/09j__next_dist_06am3_3._.js:2431
[  163536ms] [LOG] [HMR] connected @ http://localhost:3001/_next/static/chunks/09j__next_dist_06am3_3._.js:2431
[  164994ms] [INFO] %cDownload the React DevTools for a better development experience: https://react.dev/link/react-devtools font-weight:bold @ http://localhost:3001/_next/static/chunks/09j__next_dist_06am3_3._.js:2431
[  165017ms] [LOG] [HMR] connected @ http://localhost:3001/_next/static/chunks/09j__next_dist_06am3_3._.js:2431
[  215972ms] [INFO] Banner not shown: beforeinstallpromptevent.preventDefault() called. The page must call beforeinstallpromptevent.prompt() to show the banner. @ https://x.com/stripedev:0
[  216557ms] [ERROR] Failed to load resource: the server responded with a status of 400 () @ https://api.x.com/1.1/onboarding/referrer.json:0
[  216586ms] [ERROR] Not signed in with the identity provider. @ https://x.com/stripedev:0
[  216586ms] [ERROR] [GSI_LOGGER]: FedCM get() rejects with AbortError: signal is aborted without reason @ https://accounts.google.com/gsi/client:81
[  216586ms] [ERROR] Not signed in with the identity provider. @ https://x.com/stripedev:0
[  216634ms] [WARNING] [GSI_LOGGER]: google.accounts.id.initialize() is called multiple times. This could cause unexpected behavior and only the last initialized instance will be used. @ https://accounts.google.com/gsi/client:80
[  216701ms] [ERROR] [GSI_LOGGER]: FedCM get() rejects with NetworkError: Error retrieving a token. @ https://accounts.google.com/gsi/client:81
[  216978ms] [ERROR] Failed to load resource: the server responded with a status of 404 () @ https://api.x.com/graphql/azhEI-DYUntgIYqGMC4jmQ/ExploreSidebar?variables=%7B%7D&features=%7B%22rweb_video_screen_enabled%22%3Afalse%2C%22profile_label_improvements_pcf_label_in_post_enabled%22%3Atrue%2C%22responsive_web_profile_redirect_enabled%22%3Afalse%2C%22rweb_tipjar_consumption_enabled%22%3Afalse%2C%22verified_phone_label_enabled%22%3Afalse%2C%22creator_subscriptions_tweet_preview_api_enabled%22%3Atrue%2C%22responsive_web_graphql_timeline_navigation_enabled%22%3Atrue%2C%22responsive_web_graphql_skip_user_profile_image_extensions_enabled%22%3Afalse%2C%22premium_content_api_read_enabled%22%3Afalse%2C%22communities_web_enable_tweet_community_results_fetch%22%3Atrue%2C%22c9s_tweet_anatomy_moderator_badge_enabled%22%3Atrue%2C%22responsive_web_grok_analyze_button_fetch_trends_enabled%22%3Afalse%2C%22responsive_web_grok_analyze_post_followups_enabled%22%3Afalse%2C%22responsive_web_jetfuel_frame%22%3Atrue%2C%22responsive_web_grok_share_attachment_enabled%22%3Atrue%2C%22responsive_web_grok_annotations_enabled%22%3Atrue%2C%22articles_preview_enabled%22%3Atrue%2C%22responsive_web_edit_tweet_api_enabled%22%3Atrue%2C%22graphql_is_translatable_rweb_tweet_is_translatable_enabled%22%3Atrue%2C%22view_counts_everywhere_api_enabled%22%3Atrue%2C%22longform_notetweets_consumption_enabled%22%3Atrue%2C%22responsive_web_twitter_article_tweet_consumption_enabled%22%3Atrue%2C%22content_disclosure_indicator_enabled%22%3Atrue%2C%22content_disclosure_ai_generated_indicator_enabled%22%3Atrue%2C%22responsive_web_grok_show_grok_translated_post%22%3Afalse%2C%22responsive_web_grok_analysis_button_from_backend%22%3Atrue%2C%22post_ctas_fetch_enabled%22%3Atrue%2C%22freedom_of_speech_not_reach_fetch_enabled%22%3Atrue%2C%22standardized_nudges_misinfo%22%3Atrue%2C%22tweet_with_visibility_results_prefer_gql_limited_actions_policy_enabled%22%3Atrue%2C%22longform_notetweets_rich_text_read_enabled%22%3Atrue%2C%22longform_notetweets_inline_media_enabled%22%3Afalse%2C%22responsive_web_grok_image_annotation_enabled%22%3Atrue%2C%22responsive_web_grok_imagine_annotation_enabled%22%3Atrue%2C%22responsive_web_grok_community_note_auto_translation_is_enabled%22%3Afalse%2C%22responsive_web_enhance_cards_enabled%22%3Afalse%7D:0
