[     581ms] [INFO] %cDownload the React DevTools for a better development experience: https://react.dev/link/react-devtools font-weight:bold @ http://localhost:3001/_next/static/chunks/09j__next_dist_06am3_3._.js:2431
[     759ms] [LOG] [HMR] connected @ http://localhost:3001/_next/static/chunks/09j__next_dist_06am3_3._.js:2431
[     781ms] [WARNING] %c%s%c [33m[1m⚠[22m[39m metadataBase property in metadata export is not set for resolving social open graph or twitter images, using "http://localhost:3001". See https://nextjs.org/docs/app/api-reference/functions/generate-metadata#metadatabase background: #e6e6e6;background: light-dark(rgba(0,0,0,0.1), rgba(255,255,255,0.25));color: #000000;color: light-dark(#000000, #ffffff);border-radius: 2px  Server   @ http://localhost:3001/_next/static/chunks/09j__next_dist_06am3_3._.js:2431
[  268451ms] [INFO] %cDownload the React DevTools for a better development experience: https://react.dev/link/react-devtools font-weight:bold @ http://localhost:3001/_next/static/chunks/09j__next_dist_06am3_3._.js:2431
[  268491ms] [LOG] [HMR] connected @ http://localhost:3001/_next/static/chunks/09j__next_dist_06am3_3._.js:2431
[  273463ms] [INFO] %cDownload the React DevTools for a better development experience: https://react.dev/link/react-devtools font-weight:bold @ http://localhost:3001/_next/static/chunks/09j__next_dist_06am3_3._.js:2431
[  273474ms] [LOG] [HMR] connected @ http://localhost:3001/_next/static/chunks/09j__next_dist_06am3_3._.js:2431
[  512153ms] [ERROR] WebSocket connection to 'ws://localhost:3001/_next/webpack-hmr?id=Pkud-yVSn3RyKPWTt55cv' failed:  @ http://localhost:3001/_next/static/chunks/09j__next_dist_client_0zadbqm._.js:13299
[  513191ms] [ERROR] WebSocket connection to 'ws://localhost:3001/_next/webpack-hmr?id=Pkud-yVSn3RyKPWTt55cv' failed: Error in connection establishment: net::ERR_CONNECTION_REFUSED @ http://localhost:3001/_next/static/chunks/09j__next_dist_client_0zadbqm._.js:13299
[  514196ms] [ERROR] WebSocket connection to 'ws://localhost:3001/_next/webpack-hmr?id=Pkud-yVSn3RyKPWTt55cv' failed: Error in connection establishment: net::ERR_CONNECTION_REFUSED @ http://localhost:3001/_next/static/chunks/09j__next_dist_client_0zadbqm._.js:13299
[  515204ms] [ERROR] WebSocket connection to 'ws://localhost:3001/_next/webpack-hmr?id=Pkud-yVSn3RyKPWTt55cv' failed: Error in connection establishment: net::ERR_CONNECTION_REFUSED @ http://localhost:3001/_next/static/chunks/09j__next_dist_client_0zadbqm._.js:13299
[  516279ms] [ERROR] WebSocket connection to 'ws://localhost:3001/_next/webpack-hmr?id=Pkud-yVSn3RyKPWTt55cv' failed: Error in connection establishment: net::ERR_CONNECTION_REFUSED @ http://localhost:3001/_next/static/chunks/09j__next_dist_client_0zadbqm._.js:13299
[  517366ms] [ERROR] WebSocket connection to 'ws://localhost:3001/_next/webpack-hmr?id=Pkud-yVSn3RyKPWTt55cv' failed: Error in connection establishment: net::ERR_CONNECTION_REFUSED @ http://localhost:3001/_next/static/chunks/09j__next_dist_client_0zadbqm._.js:13299
[  522381ms] [ERROR] WebSocket connection to 'ws://localhost:3001/_next/webpack-hmr?id=Pkud-yVSn3RyKPWTt55cv' failed: Error in connection establishment: net::ERR_CONNECTION_REFUSED @ http://localhost:3001/_next/static/chunks/09j__next_dist_client_0zadbqm._.js:13299
[  527405ms] [ERROR] WebSocket connection to 'ws://localhost:3001/_next/webpack-hmr?id=Pkud-yVSn3RyKPWTt55cv' failed: Error in connection establishment: net::ERR_CONNECTION_REFUSED @ http://localhost:3001/_next/static/chunks/09j__next_dist_client_0zadbqm._.js:13299
[  532496ms] [LOG] [HMR] connected @ http://localhost:3001/_next/static/chunks/09j__next_dist_06am3_3._.js:2431
[  533732ms] [INFO] %cDownload the React DevTools for a better development experience: https://react.dev/link/react-devtools font-weight:bold @ http://localhost:3001/_next/static/chunks/09j__next_dist_06am3_3._.js:2431
[  533869ms] [LOG] [HMR] connected @ http://localhost:3001/_next/static/chunks/09j__next_dist_06am3_3._.js:2431
[  533909ms] [WARNING] %c%s%c [33m[1m⚠[22m[39m metadataBase property in metadata export is not set for resolving social open graph or twitter images, using "http://localhost:3001". See https://nextjs.org/docs/app/api-reference/functions/generate-metadata#metadatabase background: #e6e6e6;background: light-dark(rgba(0,0,0,0.1), rgba(255,255,255,0.25));color: #000000;color: light-dark(#000000, #ffffff);border-radius: 2px  Server   @ http://localhost:3001/_next/static/chunks/09j__next_dist_06am3_3._.js:2431
[  665139ms] [LOG] [Fast Refresh] rebuilding @ http://localhost:3001/_next/static/chunks/09j__next_dist_06am3_3._.js:2431
[  665150ms] [LOG] [Fast Refresh] done in 116ms @ http://localhost:3001/_next/static/chunks/09j__next_dist_06am3_3._.js:2431
[ 1121337ms] [LOG] [Fast Refresh] rebuilding @ http://localhost:3001/_next/static/chunks/09j__next_dist_06am3_3._.js:2431
[ 1122025ms] [LOG] [Fast Refresh] done in 769ms @ http://localhost:3001/_next/static/chunks/09j__next_dist_06am3_3._.js:2431
[ 2247350ms] [LOG] [Fast Refresh] rebuilding @ http://localhost:3001/_next/static/chunks/09j__next_dist_06am3_3._.js:2431
[ 2247709ms] [LOG] [Fast Refresh] done in 318ms @ http://localhost:3001/_next/static/chunks/09j__next_dist_06am3_3._.js:2431
[ 2247836ms] [LOG] [Fast Refresh] rebuilding @ http://localhost:3001/_next/static/chunks/09j__next_dist_06am3_3._.js:2431
[ 2247910ms] [LOG] [Fast Refresh] done in 176ms @ http://localhost:3001/_next/static/chunks/09j__next_dist_06am3_3._.js:2431
[ 2262191ms] [LOG] [Fast Refresh] rebuilding @ http://localhost:3001/_next/static/chunks/09j__next_dist_06am3_3._.js:2431
[ 2262381ms] [LOG] [Fast Refresh] done in 193ms @ http://localhost:3001/_next/static/chunks/09j__next_dist_06am3_3._.js:2431
[ 2282058ms] [LOG] [Fast Refresh] rebuilding @ http://localhost:3001/_next/static/chunks/09j__next_dist_06am3_3._.js:2431
[ 2282226ms] [LOG] [Fast Refresh] done in 208ms @ http://localhost:3001/_next/static/chunks/09j__next_dist_06am3_3._.js:2431
[ 2303864ms] [LOG] [Fast Refresh] rebuilding @ http://localhost:3001/_next/static/chunks/09j__next_dist_06am3_3._.js:2431
[ 2304236ms] [LOG] [Fast Refresh] done in 374ms @ http://localhost:3001/_next/static/chunks/09j__next_dist_06am3_3._.js:2431
[ 2315411ms] [LOG] [Fast Refresh] rebuilding @ http://localhost:3001/_next/static/chunks/09j__next_dist_06am3_3._.js:2431
[ 2315428ms] [LOG] [Fast Refresh] done in 50ms @ http://localhost:3001/_next/static/chunks/09j__next_dist_06am3_3._.js:2431
[ 2353118ms] [LOG] [Fast Refresh] rebuilding @ http://localhost:3001/_next/static/chunks/09j__next_dist_06am3_3._.js:2431
[ 2353283ms] [LOG] [Fast Refresh] done in 211ms @ http://localhost:3001/_next/static/chunks/09j__next_dist_06am3_3._.js:2431
[ 2361292ms] [LOG] [Fast Refresh] rebuilding @ http://localhost:3001/_next/static/chunks/09j__next_dist_06am3_3._.js:2431
[ 2361330ms] [LOG] [Fast Refresh] done in 104ms @ http://localhost:3001/_next/static/chunks/09j__next_dist_06am3_3._.js:2431
[ 2377565ms] [LOG] [Fast Refresh] rebuilding @ http://localhost:3001/_next/static/chunks/09j__next_dist_06am3_3._.js:2431
[ 2377675ms] [LOG] [Fast Refresh] done in 144ms @ http://localhost:3001/_next/static/chunks/09j__next_dist_06am3_3._.js:2431
[ 2403286ms] [LOG] [Fast Refresh] rebuilding @ http://localhost:3001/_next/static/chunks/09j__next_dist_06am3_3._.js:2431
[ 2403477ms] [LOG] [Fast Refresh] done in 262ms @ http://localhost:3001/_next/static/chunks/09j__next_dist_06am3_3._.js:2431
[ 2429301ms] [LOG] [Fast Refresh] rebuilding @ http://localhost:3001/_next/static/chunks/09j__next_dist_06am3_3._.js:2431
[ 2429473ms] [LOG] [Fast Refresh] done in 201ms @ http://localhost:3001/_next/static/chunks/09j__next_dist_06am3_3._.js:2431
[ 2429632ms] [LOG] [Fast Refresh] rebuilding @ http://localhost:3001/_next/static/chunks/09j__next_dist_06am3_3._.js:2431
[ 2429670ms] [LOG] [Fast Refresh] done in 155ms @ http://localhost:3001/_next/static/chunks/09j__next_dist_06am3_3._.js:2431
[ 2449389ms] [LOG] [Fast Refresh] rebuilding @ http://localhost:3001/_next/static/chunks/09j__next_dist_06am3_3._.js:2431
[ 2449560ms] [LOG] [Fast Refresh] done in 218ms @ http://localhost:3001/_next/static/chunks/09j__next_dist_06am3_3._.js:2431
[ 2449727ms] [LOG] [Fast Refresh] rebuilding @ http://localhost:3001/_next/static/chunks/09j__next_dist_06am3_3._.js:2431
[ 2449727ms] [LOG] [Fast Refresh] done in 139ms @ http://localhost:3001/_next/static/chunks/09j__next_dist_06am3_3._.js:2431
[ 2506577ms] [LOG] [Fast Refresh] rebuilding @ http://localhost:3001/_next/static/chunks/09j__next_dist_06am3_3._.js:2431
[ 2506632ms] [LOG] [Fast Refresh] done in 163ms @ http://localhost:3001/_next/static/chunks/09j__next_dist_06am3_3._.js:2431
[ 2691600ms] [LOG] [Fast Refresh] rebuilding @ http://localhost:3001/_next/static/chunks/09j__next_dist_06am3_3._.js:2431
[ 2691622ms] [LOG] [Fast Refresh] done in 129ms @ http://localhost:3001/_next/static/chunks/09j__next_dist_06am3_3._.js:2431
[ 2821697ms] [LOG] [Fast Refresh] rebuilding @ http://localhost:3001/_next/static/chunks/09j__next_dist_06am3_3._.js:2431
[ 2821907ms] [LOG] [Fast Refresh] done in 198ms @ http://localhost:3001/_next/static/chunks/09j__next_dist_06am3_3._.js:2431
[ 2828711ms] [LOG] [Fast Refresh] rebuilding @ http://localhost:3001/_next/static/chunks/09j__next_dist_06am3_3._.js:2431
[ 2828740ms] [LOG] [Fast Refresh] done in 59ms @ http://localhost:3001/_next/static/chunks/09j__next_dist_06am3_3._.js:2431
[ 2836170ms] [LOG] [Fast Refresh] rebuilding @ http://localhost:3001/_next/static/chunks/09j__next_dist_06am3_3._.js:2431
[ 2836274ms] [LOG] [Fast Refresh] done in 141ms @ http://localhost:3001/_next/static/chunks/09j__next_dist_06am3_3._.js:2431
[ 2841483ms] [LOG] [Fast Refresh] rebuilding @ http://localhost:3001/_next/static/chunks/09j__next_dist_06am3_3._.js:2431
[ 2841508ms] [LOG] [Fast Refresh] done in 71ms @ http://localhost:3001/_next/static/chunks/09j__next_dist_06am3_3._.js:2431
[ 2847535ms] [LOG] [Fast Refresh] rebuilding @ http://localhost:3001/_next/static/chunks/09j__next_dist_06am3_3._.js:2431
[ 2847562ms] [LOG] [Fast Refresh] done in 58ms @ http://localhost:3001/_next/static/chunks/09j__next_dist_06am3_3._.js:2431
[ 2867787ms] [LOG] [Fast Refresh] rebuilding @ http://localhost:3001/_next/static/chunks/09j__next_dist_06am3_3._.js:2431
[ 2867966ms] [LOG] [Fast Refresh] done in 267ms @ http://localhost:3001/_next/static/chunks/09j__next_dist_06am3_3._.js:2431
[ 2877935ms] [LOG] [Fast Refresh] rebuilding @ http://localhost:3001/_next/static/chunks/09j__next_dist_06am3_3._.js:2431
[ 2877984ms] [LOG] [Fast Refresh] done in 153ms @ http://localhost:3001/_next/static/chunks/09j__next_dist_06am3_3._.js:2431
[ 3039194ms] [LOG] [Fast Refresh] rebuilding @ http://localhost:3001/_next/static/chunks/09j__next_dist_06am3_3._.js:2431
[ 3039243ms] [LOG] [Fast Refresh] done in 155ms @ http://localhost:3001/_next/static/chunks/09j__next_dist_06am3_3._.js:2431
[ 3099314ms] [LOG] [Fast Refresh] rebuilding @ http://localhost:3001/_next/static/chunks/09j__next_dist_06am3_3._.js:2431
[ 3099329ms] [LOG] [Fast Refresh] done in 120ms @ http://localhost:3001/_next/static/chunks/09j__next_dist_06am3_3._.js:2431
[ 3291013ms] [LOG] [Fast Refresh] rebuilding @ http://localhost:3001/_next/static/chunks/09j__next_dist_06am3_3._.js:2431
[ 3291126ms] [LOG] [Fast Refresh] done in 220ms @ http://localhost:3001/_next/static/chunks/09j__next_dist_06am3_3._.js:2431
[ 3340096ms] [LOG] [Fast Refresh] rebuilding @ http://localhost:3001/_next/static/chunks/09j__next_dist_06am3_3._.js:2431
[ 3340409ms] [LOG] [Fast Refresh] done in 235ms @ http://localhost:3001/_next/static/chunks/09j__next_dist_06am3_3._.js:2431
[ 3340417ms] [WARNING] %c%s%c [33m[1m⚠[22m[39m metadataBase property in metadata export is not set for resolving social open graph or twitter images, using "http://localhost:3001". See https://nextjs.org/docs/app/api-reference/functions/generate-metadata#metadatabase background: #e6e6e6;background: light-dark(rgba(0,0,0,0.1), rgba(255,255,255,0.25));color: #000000;color: light-dark(#000000, #ffffff);border-radius: 2px  Server   @ http://localhost:3001/_next/static/chunks/09j__next_dist_06am3_3._.js:2431
[ 3408410ms] [LOG] [Fast Refresh] rebuilding @ http://localhost:3001/_next/static/chunks/09j__next_dist_06am3_3._.js:2431
[ 3408716ms] [LOG] [Fast Refresh] done in 142ms @ http://localhost:3001/_next/static/chunks/09j__next_dist_06am3_3._.js:2431
[ 3408732ms] [WARNING] %c%s%c [33m[1m⚠[22m[39m metadataBase property in metadata export is not set for resolving social open graph or twitter images, using "http://localhost:3001". See https://nextjs.org/docs/app/api-reference/functions/generate-metadata#metadatabase background: #e6e6e6;background: light-dark(rgba(0,0,0,0.1), rgba(255,255,255,0.25));color: #000000;color: light-dark(#000000, #ffffff);border-radius: 2px  Server   @ http://localhost:3001/_next/static/chunks/09j__next_dist_06am3_3._.js:2431
[ 3408734ms] [LOG] [Fast Refresh] rebuilding @ http://localhost:3001/_next/static/chunks/09j__next_dist_06am3_3._.js:2431
[ 3408756ms] [LOG] [Fast Refresh] done in 18ms @ http://localhost:3001/_next/static/chunks/09j__next_dist_06am3_3._.js:2431
[ 3474497ms] [LOG] [Fast Refresh] rebuilding @ http://localhost:3001/_next/static/chunks/09j__next_dist_06am3_3._.js:2431
[ 3474544ms] [LOG] [Fast Refresh] done in 157ms @ http://localhost:3001/_next/static/chunks/09j__next_dist_06am3_3._.js:2431
