[     248ms] [LOG] [Fast Refresh] rebuilding @ http://localhost:3001/_next/static/chunks/09j__next_dist_06am3_3._.js:2431
[     361ms] [LOG] [Fast Refresh] done in 216ms @ http://localhost:3001/_next/static/chunks/09j__next_dist_06am3_3._.js:2431
[     464ms] [LOG] [Fast Refresh] rebuilding @ http://localhost:3001/_next/static/chunks/09j__next_dist_06am3_3._.js:2431
[     535ms] [LOG] [Fast Refresh] done in 173ms @ http://localhost:3001/_next/static/chunks/09j__next_dist_06am3_3._.js:2431
[     759ms] [INFO] %cDownload the React DevTools for a better development experience: https://react.dev/link/react-devtools font-weight:bold @ http://localhost:3001/_next/static/chunks/09j__next_dist_06am3_3._.js:2431
[     824ms] [LOG] [HMR] connected @ http://localhost:3001/_next/static/chunks/09j__next_dist_06am3_3._.js:2431
[    1048ms] [LOG] [Fast Refresh] rebuilding @ http://localhost:3001/_next/static/chunks/09j__next_dist_06am3_3._.js:2431
[    1132ms] [LOG] [Fast Refresh] done in 185ms @ http://localhost:3001/_next/static/chunks/09j__next_dist_06am3_3._.js:2431
[   44140ms] [LOG] [Fast Refresh] rebuilding @ http://localhost:3001/_next/static/chunks/09j__next_dist_06am3_3._.js:2431
[   44341ms] [LOG] [Fast Refresh] done in 302ms @ http://localhost:3001/_next/static/chunks/09j__next_dist_06am3_3._.js:2431
[   83571ms] [ERROR] Failed to load resource: the server responded with a status of 404 (Not Found) @ http://localhost:3001/blog/production-ready-dev-stack-from-terminal?_rsc=lquux:0
[   83713ms] [ERROR] Failed to load resource: the server responded with a status of 404 (Not Found) @ http://localhost:3001/blog/production-ready-dev-stack-from-terminal:0
[   83794ms] [INFO] %cDownload the React DevTools for a better development experience: https://react.dev/link/react-devtools font-weight:bold @ http://localhost:3001/_next/static/chunks/09j__next_dist_06am3_3._.js:2431
[   83817ms] [LOG] [HMR] connected @ http://localhost:3001/_next/static/chunks/09j__next_dist_06am3_3._.js:2431
[   85962ms] [INFO] %cDownload the React DevTools for a better development experience: https://react.dev/link/react-devtools font-weight:bold @ http://localhost:3001/_next/static/chunks/09j__next_dist_06am3_3._.js:2431
[   85996ms] [LOG] [HMR] connected @ http://localhost:3001/_next/static/chunks/09j__next_dist_06am3_3._.js:2431
[   89003ms] [WARNING] The resource http://localhost:3001/_next/static/media/Sohne_BuchKursiv-s.p.0ip~2nb_xa9k~.woff2 was preloaded using link preload but not used within a few seconds from the window's load event. Please make sure it has an appropriate `as` value and it is preloaded intentionally. @ http://localhost:3001/:0
[   89004ms] [WARNING] The resource http://localhost:3001/_next/static/media/SohneMono_Buch-s.p.0p15-zbml9lel.woff2 was preloaded using link preload but not used within a few seconds from the window's load event. Please make sure it has an appropriate `as` value and it is preloaded intentionally. @ http://localhost:3001/:0
[   89004ms] [WARNING] The resource http://localhost:3001/_next/static/media/Sohne-s.p.0w9ic1zf2ckee.woff2 was preloaded using link preload but not used within a few seconds from the window's load event. Please make sure it has an appropriate `as` value and it is preloaded intentionally. @ http://localhost:3001/:0
[   89004ms] [WARNING] The resource http://localhost:3001/_next/static/media/SohneMono_Extraleicht-s.p.06g42..1s9riu.woff2 was preloaded using link preload but not used within a few seconds from the window's load event. Please make sure it has an appropriate `as` value and it is preloaded intentionally. @ http://localhost:3001/:0
[  120940ms] [LOG] [Fast Refresh] rebuilding @ http://localhost:3001/_next/static/chunks/09j__next_dist_06am3_3._.js:2431
[  120997ms] [LOG] [Fast Refresh] done in 161ms @ http://localhost:3001/_next/static/chunks/09j__next_dist_06am3_3._.js:2431
[  203862ms] [LOG] [Fast Refresh] rebuilding @ http://localhost:3001/_next/static/chunks/09j__next_dist_06am3_3._.js:2431
[  203948ms] [LOG] [Fast Refresh] done in 190ms @ http://localhost:3001/_next/static/chunks/09j__next_dist_06am3_3._.js:2431
[  233582ms] [LOG] [Fast Refresh] rebuilding @ http://localhost:3001/_next/static/chunks/09j__next_dist_06am3_3._.js:2431
[  233746ms] [LOG] [Fast Refresh] done in 255ms @ http://localhost:3001/_next/static/chunks/09j__next_dist_06am3_3._.js:2431
[  241090ms] [LOG] [Fast Refresh] rebuilding @ http://localhost:3001/_next/static/chunks/09j__next_dist_06am3_3._.js:2431
[  241115ms] [LOG] [Fast Refresh] done in 95ms @ http://localhost:3001/_next/static/chunks/09j__next_dist_06am3_3._.js:2431
[  273733ms] [LOG] [Fast Refresh] rebuilding @ http://localhost:3001/_next/static/chunks/09j__next_dist_06am3_3._.js:2431
[  273769ms] [LOG] [Fast Refresh] done in 142ms @ http://localhost:3001/_next/static/chunks/09j__next_dist_06am3_3._.js:2431
[  273927ms] [LOG] [Fast Refresh] rebuilding @ http://localhost:3001/_next/static/chunks/09j__next_dist_06am3_3._.js:2431
[  273938ms] [LOG] [Fast Refresh] done in 111ms @ http://localhost:3001/_next/static/chunks/09j__next_dist_06am3_3._.js:2431
